Using pre-set license

 COMMAND LINE ARGUMENTS:
/Applications/Unity/Hub/Editor/2020.3.8f1/Unity.app/Contents/MacOS/Unity
-adb2
-batchMode
-noUpm
-name
AssetImportWorker0
-projectPath
/Users/eduardo.pinhata/proj/Unity3DStudy/ObstacleCourse
-logFile
Logs/AssetImportWorker0.log
-srvPort
50856
Successfully changed project path to: /Users/eduardo.pinhata/proj/Unity3DStudy/ObstacleCourse
/Users/eduardo.pinhata/proj/Unity3DStudy/ObstacleCourse
Using Asset Import Pipeline V2.
Refreshing native plugins compatible for Editor in 20.19 ms, found 1 plugins.
Preloading 0 native plugins for Editor in 0.00 ms.
Initialize engine version: 2020.3.8f1 (507919d4fff5)
[Subsystems] Discovering subsystems at path /Applications/Unity/Hub/Editor/2020.3.8f1/Unity.app/Contents/Resources/UnitySubsystems
[Subsystems] Discovering subsystems at path /Users/eduardo.pinhata/proj/Unity3DStudy/ObstacleCourse/Assets
GfxDevice: creating device client; threaded=0
2022-03-21 08:45:39.860 Unity[40547:55980109] LG FULL HD preferred device: AMD Radeon Pro 5300M (high power)
2022-03-21 08:45:39.860 Unity[40547:55980109] Metal devices available: 2
2022-03-21 08:45:39.860 Unity[40547:55980109] 0: AMD Radeon Pro 5300M (high power)
2022-03-21 08:45:39.860 Unity[40547:55980109] 1: Intel(R) UHD Graphics 630 (low power)
2022-03-21 08:45:39.860 Unity[40547:55980109] Using device AMD Radeon Pro 5300M (high power)
Initializing Metal device caps: AMD Radeon Pro 5300M
Initialize mono
Mono path[0] = '/Applications/Unity/Hub/Editor/2020.3.8f1/Unity.app/Contents/Managed'
Mono path[1] = '/Applications/Unity/Hub/Editor/2020.3.8f1/Unity.app/Contents/MonoBleedingEdge/lib/mono/unityjit'
Mono config path = '/Applications/Unity/Hub/Editor/2020.3.8f1/Unity.app/Contents/MonoBleedingEdge/etc'
Using monoOptions --debugger-agent=transport=dt_socket,embedding=1,server=y,suspend=n,address=127.0.0.1:56547
Begin MonoManager ReloadAssembly
Registering precompiled unity dll's ...
Register platform support module: /Applications/Unity/Hub/Editor/2020.3.8f1/Unity.app/Contents/PlaybackEngines/MacStandaloneSupport/UnityEditor.OSXStandalone.Extensions.dll
Registered in 0.000514 seconds.
Native extension for OSXStandalone target not found
Refreshing native plugins compatible for Editor in 21.61 ms, found 1 plugins.
Preloading 0 native plugins for Editor in 0.00 ms.
Mono: successfully reloaded assembly
- Completed reload, in  2.352 seconds
Platform modules already initialized, skipping
Registering precompiled user dll's ...
Registered in 0.000335 seconds.
Begin MonoManager ReloadAssembly
Native extension for OSXStandalone target not found
Refreshing native plugins compatible for Editor in 0.18 ms, found 1 plugins.
Preloading 0 native plugins for Editor in 0.00 ms.
Mono: successfully reloaded assembly
- Completed reload, in  0.934 seconds
Platform modules already initialized, skipping
========================================================================
Worker process is ready to serve import requests
Launching external process: /Applications/Unity/Hub/Editor/2020.3.8f1/Unity.app/Contents/Tools/UnityShaderCompiler
Launched and connected shader compiler UnityShaderCompiler after 0.01 seconds
Refreshing native plugins compatible for Editor in 0.18 ms, found 1 plugins.
Preloading 0 native plugins for Editor in 0.00 ms.
Unloading 1116 Unused Serialized files (Serialized files now loaded: 0)
System memory in use before: 108.4 MB.
System memory in use after: 108.5 MB.

Unloading 10 unused Assets to reduce memory usage. Loaded Objects now: 1558.
Total: 1.413231 ms (FindLiveObjects: 0.117462 ms CreateObjectMapping: 0.029916 ms MarkObjects: 1.202821 ms  DeleteObjects: 0.062265 ms)

========================================================================
Received Import Request.
  path: Assets/PLayerMaterial.mat
  artifactKey: Guid(3ab9d592953a6414ab248786e4395d73) Importer(815301076,1909f56bfc062723c751e8b465ee728b)
Start importing Assets/PLayerMaterial.mat using Guid(3ab9d592953a6414ab248786e4395d73) Importer(815301076,1909f56bfc062723c751e8b465ee728b)  -> (artifact id: 'a872ac17dbb77894b44d89288c271ee6') in 1.594557 seconds
  Import took 1.597178 seconds .

========================================================================
Received Import Request.
  Time since last request: 25.395691 seconds.
  path: Assets/PlayerHead.mat
  artifactKey: Guid(3ab9d592953a6414ab248786e4395d73) Importer(815301076,1909f56bfc062723c751e8b465ee728b)
Start importing Assets/PlayerHead.mat using Guid(3ab9d592953a6414ab248786e4395d73) Importer(815301076,1909f56bfc062723c751e8b465ee728b)  -> (artifact id: 'b50044e7860835bb9fc96a531ef20729') in 0.013536 seconds
  Import took 0.016406 seconds .

========================================================================
Received Import Request.
  Time since last request: 8.027175 seconds.
  path: Assets/PlayerBody.mat
  artifactKey: Guid(fa86fc2d6d1af49ed8f7f92b066c1c6e) Importer(815301076,1909f56bfc062723c751e8b465ee728b)
Start importing Assets/PlayerBody.mat using Guid(fa86fc2d6d1af49ed8f7f92b066c1c6e) Importer(815301076,1909f56bfc062723c751e8b465ee728b)  -> (artifact id: '284cc7ab15fa94a1a39d1dc0fb3f3368') in 0.012305 seconds
  Import took 0.014911 seconds .

========================================================================
Received Import Request.
  Time since last request: 13.881744 seconds.
  path: Assets/Ground.mat
  artifactKey: Guid(cb645543f77b844beac096cb32f9b311) Importer(815301076,1909f56bfc062723c751e8b465ee728b)
Start importing Assets/Ground.mat using Guid(cb645543f77b844beac096cb32f9b311) Importer(815301076,1909f56bfc062723c751e8b465ee728b)  -> (artifact id: '7fc9c27e949476bbdae2d9294abfd1da') in 0.011932 seconds
  Import took 0.013805 seconds .

========================================================================
Received Prepare
Registering precompiled user dll's ...
Registered in 0.000415 seconds.
Begin MonoManager ReloadAssembly
Native extension for OSXStandalone target not found
Refreshing native plugins compatible for Editor in 0.22 ms, found 1 plugins.
Preloading 0 native plugins for Editor in 0.00 ms.
Mono: successfully reloaded assembly
- Completed reload, in  1.020 seconds
Platform modules already initialized, skipping
Refreshing native plugins compatible for Editor in 0.20 ms, found 1 plugins.
Preloading 0 native plugins for Editor in 0.00 ms.
Unloading 1111 Unused Serialized files (Serialized files now loaded: 0)
System memory in use before: 116.8 MB.
System memory in use after: 116.9 MB.

Unloading 5 unused Assets to reduce memory usage. Loaded Objects now: 1601.
Total: 1.600688 ms (FindLiveObjects: 0.126629 ms CreateObjectMapping: 0.033499 ms MarkObjects: 1.398274 ms  DeleteObjects: 0.041675 ms)

========================================================================
Received Prepare
Registering precompiled user dll's ...
Registered in 0.000366 seconds.
Begin MonoManager ReloadAssembly
Native extension for OSXStandalone target not found
Refreshing native plugins compatible for Editor in 0.18 ms, found 1 plugins.
Preloading 0 native plugins for Editor in 0.00 ms.
Mono: successfully reloaded assembly
- Completed reload, in  0.938 seconds
Platform modules already initialized, skipping
Refreshing native plugins compatible for Editor in 0.20 ms, found 1 plugins.
Preloading 0 native plugins for Editor in 0.00 ms.
Unloading 1111 Unused Serialized files (Serialized files now loaded: 0)
System memory in use before: 117.0 MB.
System memory in use after: 117.1 MB.

Unloading 5 unused Assets to reduce memory usage. Loaded Objects now: 1604.
Total: 1.492706 ms (FindLiveObjects: 0.148423 ms CreateObjectMapping: 0.039799 ms MarkObjects: 1.255987 ms  DeleteObjects: 0.047621 ms)

========================================================================
Received Prepare
Registering precompiled user dll's ...
Registered in 0.000352 seconds.
Begin MonoManager ReloadAssembly
Native extension for OSXStandalone target not found
Refreshing native plugins compatible for Editor in 0.18 ms, found 1 plugins.
Preloading 0 native plugins for Editor in 0.00 ms.
Mono: successfully reloaded assembly
- Completed reload, in  0.918 seconds
Platform modules already initialized, skipping
Refreshing native plugins compatible for Editor in 0.19 ms, found 1 plugins.
Preloading 0 native plugins for Editor in 0.00 ms.
Unloading 1111 Unused Serialized files (Serialized files now loaded: 0)
System memory in use before: 117.2 MB.
System memory in use after: 117.3 MB.

Unloading 5 unused Assets to reduce memory usage. Loaded Objects now: 1607.
Total: 1.412023 ms (FindLiveObjects: 0.113063 ms CreateObjectMapping: 0.031026 ms MarkObjects: 1.229428 ms  DeleteObjects: 0.037879 ms)

========================================================================
Received Import Request.
  Time since last request: 165.809282 seconds.
  path: Assets/Ground.mat
  artifactKey: Guid(cb645543f77b844beac096cb32f9b311) Importer(815301076,1909f56bfc062723c751e8b465ee728b)
Start importing Assets/Ground.mat using Guid(cb645543f77b844beac096cb32f9b311) Importer(815301076,1909f56bfc062723c751e8b465ee728b)  -> (artifact id: 'f2e189ff3c5a79c6ac3b432c339dfb6b') in 0.071355 seconds
  Import took 0.073928 seconds .

========================================================================
Received Import Request.
  Time since last request: 0.000243 seconds.
  path: Assets/PlayerBody.mat
  artifactKey: Guid(fa86fc2d6d1af49ed8f7f92b066c1c6e) Importer(815301076,1909f56bfc062723c751e8b465ee728b)
Start importing Assets/PlayerBody.mat using Guid(fa86fc2d6d1af49ed8f7f92b066c1c6e) Importer(815301076,1909f56bfc062723c751e8b465ee728b)  -> (artifact id: '3d966eb0d0a12a1b0efa9c870bab87f5') in 0.009411 seconds
  Import took 0.011770 seconds .

========================================================================
Received Prepare
Registering precompiled user dll's ...
Registered in 0.000477 seconds.
Begin MonoManager ReloadAssembly
Native extension for OSXStandalone target not found
Refreshing native plugins compatible for Editor in 0.18 ms, found 1 plugins.
Preloading 0 native plugins for Editor in 0.00 ms.
Mono: successfully reloaded assembly
- Completed reload, in  0.863 seconds
Platform modules already initialized, skipping
Refreshing native plugins compatible for Editor in 0.19 ms, found 1 plugins.
Preloading 0 native plugins for Editor in 0.00 ms.
Unloading 1111 Unused Serialized files (Serialized files now loaded: 0)
System memory in use before: 117.4 MB.
System memory in use after: 117.5 MB.

Unloading 5 unused Assets to reduce memory usage. Loaded Objects now: 1611.
Total: 1.371746 ms (FindLiveObjects: 0.122106 ms CreateObjectMapping: 0.030596 ms MarkObjects: 1.181246 ms  DeleteObjects: 0.037248 ms)

========================================================================
Received Prepare
Registering precompiled user dll's ...
Registered in 0.000317 seconds.
Begin MonoManager ReloadAssembly
Native extension for OSXStandalone target not found
Refreshing native plugins compatible for Editor in 0.24 ms, found 1 plugins.
Preloading 0 native plugins for Editor in 0.00 ms.
Mono: successfully reloaded assembly
- Completed reload, in  0.936 seconds
Platform modules already initialized, skipping
Refreshing native plugins compatible for Editor in 0.18 ms, found 1 plugins.
Preloading 0 native plugins for Editor in 0.00 ms.
Unloading 1111 Unused Serialized files (Serialized files now loaded: 0)
System memory in use before: 117.7 MB.
System memory in use after: 117.7 MB.

Unloading 5 unused Assets to reduce memory usage. Loaded Objects now: 1614.
Total: 1.436317 ms (FindLiveObjects: 0.121296 ms CreateObjectMapping: 0.033293 ms MarkObjects: 1.241369 ms  DeleteObjects: 0.039624 ms)

========================================================================
Received Prepare
Registering precompiled user dll's ...
Registered in 0.000367 seconds.
Begin MonoManager ReloadAssembly
Native extension for OSXStandalone target not found
Refreshing native plugins compatible for Editor in 0.18 ms, found 1 plugins.
Preloading 0 native plugins for Editor in 0.00 ms.
Mono: successfully reloaded assembly
- Completed reload, in  0.836 seconds
Platform modules already initialized, skipping
Refreshing native plugins compatible for Editor in 0.18 ms, found 1 plugins.
Preloading 0 native plugins for Editor in 0.00 ms.
Unloading 1111 Unused Serialized files (Serialized files now loaded: 0)
System memory in use before: 117.8 MB.
System memory in use after: 117.9 MB.

Unloading 5 unused Assets to reduce memory usage. Loaded Objects now: 1617.
Total: 1.302011 ms (FindLiveObjects: 0.113221 ms CreateObjectMapping: 0.029594 ms MarkObjects: 1.119446 ms  DeleteObjects: 0.039193 ms)

========================================================================
Received Prepare
Registering precompiled user dll's ...
Registered in 0.000374 seconds.
Begin MonoManager ReloadAssembly
Native extension for OSXStandalone target not found
Refreshing native plugins compatible for Editor in 0.23 ms, found 1 plugins.
Preloading 0 native plugins for Editor in 0.00 ms.
Mono: successfully reloaded assembly
- Completed reload, in  0.862 seconds
Platform modules already initialized, skipping
Refreshing native plugins compatible for Editor in 0.19 ms, found 1 plugins.
Preloading 0 native plugins for Editor in 0.00 ms.
Unloading 1111 Unused Serialized files (Serialized files now loaded: 0)
System memory in use before: 118.0 MB.
System memory in use after: 118.1 MB.

Unloading 5 unused Assets to reduce memory usage. Loaded Objects now: 1620.
Total: 1.285001 ms (FindLiveObjects: 0.109203 ms CreateObjectMapping: 0.027480 ms MarkObjects: 1.110989 ms  DeleteObjects: 0.036685 ms)

========================================================================
Received Prepare
Registering precompiled user dll's ...
Registered in 0.000356 seconds.
Begin MonoManager ReloadAssembly
Native extension for OSXStandalone target not found
Refreshing native plugins compatible for Editor in 0.18 ms, found 1 plugins.
Preloading 0 native plugins for Editor in 0.00 ms.
Mono: successfully reloaded assembly
- Completed reload, in  0.908 seconds
Platform modules already initialized, skipping
Refreshing native plugins compatible for Editor in 0.20 ms, found 1 plugins.
Preloading 0 native plugins for Editor in 0.00 ms.
Unloading 1111 Unused Serialized files (Serialized files now loaded: 0)
System memory in use before: 118.2 MB.
System memory in use after: 118.2 MB.

Unloading 5 unused Assets to reduce memory usage. Loaded Objects now: 1623.
Total: 1.457787 ms (FindLiveObjects: 0.122834 ms CreateObjectMapping: 0.034414 ms MarkObjects: 1.256780 ms  DeleteObjects: 0.043010 ms)

========================================================================
Received Prepare
Registering precompiled user dll's ...
Registered in 0.000360 seconds.
Begin MonoManager ReloadAssembly
Native extension for OSXStandalone target not found
Refreshing native plugins compatible for Editor in 0.18 ms, found 1 plugins.
Preloading 0 native plugins for Editor in 0.00 ms.
Mono: successfully reloaded assembly
- Completed reload, in  0.824 seconds
Platform modules already initialized, skipping
Refreshing native plugins compatible for Editor in 0.25 ms, found 1 plugins.
Preloading 0 native plugins for Editor in 0.00 ms.
Unloading 1111 Unused Serialized files (Serialized files now loaded: 0)
System memory in use before: 118.4 MB.
System memory in use after: 118.4 MB.

Unloading 5 unused Assets to reduce memory usage. Loaded Objects now: 1626.
Total: 1.524663 ms (FindLiveObjects: 0.132846 ms CreateObjectMapping: 0.036217 ms MarkObjects: 1.309844 ms  DeleteObjects: 0.045076 ms)

========================================================================
Received Prepare
Registering precompiled user dll's ...
Registered in 0.000362 seconds.
Begin MonoManager ReloadAssembly
Native extension for OSXStandalone target not found
Refreshing native plugins compatible for Editor in 0.18 ms, found 1 plugins.
Preloading 0 native plugins for Editor in 0.00 ms.
Mono: successfully reloaded assembly
- Completed reload, in  0.879 seconds
Platform modules already initialized, skipping
Refreshing native plugins compatible for Editor in 0.17 ms, found 1 plugins.
Preloading 0 native plugins for Editor in 0.00 ms.
Unloading 1111 Unused Serialized files (Serialized files now loaded: 0)
System memory in use before: 118.6 MB.
System memory in use after: 118.6 MB.

Unloading 5 unused Assets to reduce memory usage. Loaded Objects now: 1629.
Total: 1.327420 ms (FindLiveObjects: 0.118978 ms CreateObjectMapping: 0.043589 ms MarkObjects: 1.126745 ms  DeleteObjects: 0.037416 ms)

========================================================================
Received Prepare
Registering precompiled user dll's ...
Registered in 0.000299 seconds.
Begin MonoManager ReloadAssembly
Native extension for OSXStandalone target not found
Refreshing native plugins compatible for Editor in 0.19 ms, found 1 plugins.
Preloading 0 native plugins for Editor in 0.00 ms.
Mono: successfully reloaded assembly
- Completed reload, in  0.905 seconds
Platform modules already initialized, skipping
Refreshing native plugins compatible for Editor in 0.17 ms, found 1 plugins.
Preloading 0 native plugins for Editor in 0.00 ms.
Unloading 1111 Unused Serialized files (Serialized files now loaded: 0)
System memory in use before: 118.7 MB.
System memory in use after: 118.8 MB.

Unloading 5 unused Assets to reduce memory usage. Loaded Objects now: 1632.
Total: 1.296450 ms (FindLiveObjects: 0.105906 ms CreateObjectMapping: 0.027323 ms MarkObjects: 1.124674 ms  DeleteObjects: 0.037894 ms)

========================================================================
Received Prepare
Registering precompiled user dll's ...
Registered in 0.000297 seconds.
Begin MonoManager ReloadAssembly
Native extension for OSXStandalone target not found
Refreshing native plugins compatible for Editor in 0.21 ms, found 1 plugins.
Preloading 0 native plugins for Editor in 0.00 ms.
Mono: successfully reloaded assembly
- Completed reload, in  0.865 seconds
Platform modules already initialized, skipping
Refreshing native plugins compatible for Editor in 0.15 ms, found 1 plugins.
Preloading 0 native plugins for Editor in 0.00 ms.
Unloading 1111 Unused Serialized files (Serialized files now loaded: 0)
System memory in use before: 118.9 MB.
System memory in use after: 119.0 MB.

Unloading 5 unused Assets to reduce memory usage. Loaded Objects now: 1635.
Total: 1.333847 ms (FindLiveObjects: 0.109692 ms CreateObjectMapping: 0.027403 ms MarkObjects: 1.159777 ms  DeleteObjects: 0.036363 ms)

========================================================================
Received Prepare
Registering precompiled user dll's ...
Registered in 0.000366 seconds.
Begin MonoManager ReloadAssembly
Native extension for OSXStandalone target not found
Refreshing native plugins compatible for Editor in 0.19 ms, found 1 plugins.
Preloading 0 native plugins for Editor in 0.00 ms.
Mono: successfully reloaded assembly
- Completed reload, in  0.839 seconds
Platform modules already initialized, skipping
Refreshing native plugins compatible for Editor in 0.17 ms, found 1 plugins.
Preloading 0 native plugins for Editor in 0.00 ms.
Unloading 1111 Unused Serialized files (Serialized files now loaded: 0)
System memory in use before: 119.1 MB.
System memory in use after: 119.1 MB.

Unloading 5 unused Assets to reduce memory usage. Loaded Objects now: 1638.
Total: 1.282760 ms (FindLiveObjects: 0.112100 ms CreateObjectMapping: 0.030124 ms MarkObjects: 1.103737 ms  DeleteObjects: 0.036185 ms)

========================================================================
Received Prepare
Registering precompiled user dll's ...
Registered in 0.000494 seconds.
Begin MonoManager ReloadAssembly
Native extension for OSXStandalone target not found
Refreshing native plugins compatible for Editor in 0.23 ms, found 1 plugins.
Preloading 0 native plugins for Editor in 0.00 ms.
Mono: successfully reloaded assembly
- Completed reload, in  0.902 seconds
Platform modules already initialized, skipping
Refreshing native plugins compatible for Editor in 0.19 ms, found 1 plugins.
Preloading 0 native plugins for Editor in 0.00 ms.
Unloading 1111 Unused Serialized files (Serialized files now loaded: 0)
System memory in use before: 119.3 MB.
System memory in use after: 119.3 MB.

Unloading 5 unused Assets to reduce memory usage. Loaded Objects now: 1641.
Total: 2.980816 ms (FindLiveObjects: 0.358703 ms CreateObjectMapping: 0.097009 ms MarkObjects: 2.444513 ms  DeleteObjects: 0.078098 ms)

========================================================================
Received Prepare
Registering precompiled user dll's ...
Registered in 0.000320 seconds.
Begin MonoManager ReloadAssembly
Native extension for OSXStandalone target not found
Refreshing native plugins compatible for Editor in 0.18 ms, found 1 plugins.
Preloading 0 native plugins for Editor in 0.00 ms.
Mono: successfully reloaded assembly
- Completed reload, in  0.832 seconds
Platform modules already initialized, skipping
Refreshing native plugins compatible for Editor in 0.18 ms, found 1 plugins.
Preloading 0 native plugins for Editor in 0.00 ms.
Unloading 1111 Unused Serialized files (Serialized files now loaded: 0)
System memory in use before: 119.4 MB.
System memory in use after: 119.5 MB.

Unloading 5 unused Assets to reduce memory usage. Loaded Objects now: 1644.
Total: 1.455291 ms (FindLiveObjects: 0.124198 ms CreateObjectMapping: 0.033640 ms MarkObjects: 1.255084 ms  DeleteObjects: 0.041662 ms)

========================================================================
Received Prepare
Registering precompiled user dll's ...
Registered in 0.000405 seconds.
Begin MonoManager ReloadAssembly
Native extension for OSXStandalone target not found
Refreshing native plugins compatible for Editor in 0.21 ms, found 1 plugins.
Preloading 0 native plugins for Editor in 0.00 ms.
Mono: successfully reloaded assembly
- Completed reload, in  0.988 seconds
Platform modules already initialized, skipping
Refreshing native plugins compatible for Editor in 0.20 ms, found 1 plugins.
Preloading 0 native plugins for Editor in 0.00 ms.
Unloading 1111 Unused Serialized files (Serialized files now loaded: 0)
System memory in use before: 119.6 MB.
System memory in use after: 119.7 MB.

Unloading 5 unused Assets to reduce memory usage. Loaded Objects now: 1647.
Total: 1.491485 ms (FindLiveObjects: 0.134312 ms CreateObjectMapping: 0.034116 ms MarkObjects: 1.278350 ms  DeleteObjects: 0.044037 ms)

========================================================================
Received Prepare
Registering precompiled user dll's ...
Registered in 0.001019 seconds.
Begin MonoManager ReloadAssembly
Native extension for OSXStandalone target not found
Refreshing native plugins compatible for Editor in 0.25 ms, found 1 plugins.
Preloading 0 native plugins for Editor in 0.00 ms.
Mono: successfully reloaded assembly
- Completed reload, in  1.037 seconds
Platform modules already initialized, skipping
Refreshing native plugins compatible for Editor in 0.20 ms, found 1 plugins.
Preloading 0 native plugins for Editor in 0.00 ms.
Unloading 1111 Unused Serialized files (Serialized files now loaded: 0)
System memory in use before: 119.8 MB.
System memory in use after: 119.9 MB.

Unloading 5 unused Assets to reduce memory usage. Loaded Objects now: 1650.
Total: 2.021597 ms (FindLiveObjects: 0.240044 ms CreateObjectMapping: 0.045889 ms MarkObjects: 1.643223 ms  DeleteObjects: 0.091688 ms)

